log file: logs/240531-113821.log
--------------------------------------------------------------------------------
Config 1 (totally 1 configs)
No.1 training process of 5
log file: logs/240531-113821.log
--------------------------------------------------------------------------------
Config 1 (totally 1 configs)
No.1 training process of 5
>>> dataset: restaurant
>>> output_dir: output
>>> SRD: 2
>>> learning_rate: 0.001
>>> use_unique_bert: True
>>> use_bert_spc: False
>>> local_context_focus: fusion
>>> num_train_epochs: 1.0
>>> train_batch_size: 1
>>> dropout: 0.0
>>> max_seq_length: 3
>>> eval_batch_size: 32
>>> eval_steps: 20
>>> gradient_accumulation_steps: 1
>>> config_path: experiments.json
>>> device: cpu
>>> seed: 1
>>> bert_model: bert-base-uncased
>>> data_dir: atepc_datasets/restaurant
>>> dataset: restaurant
>>> output_dir: output
>>> SRD: 2
>>> learning_rate: 0.001
>>> use_unique_bert: True
>>> use_bert_spc: False
>>> local_context_focus: fusion
>>> num_train_epochs: 1.0
>>> train_batch_size: 1
>>> dropout: 0.0
>>> max_seq_length: 3
>>> eval_batch_size: 32
>>> eval_steps: 20
>>> gradient_accumulation_steps: 1
>>> config_path: experiments.json
>>> device: cpu
>>> seed: 1
>>> bert_model: bert-base-uncased
>>> data_dir: atepc_datasets/restaurant
***** Running training *****
  Num examples = 3383
  Batch size = 1
  Num steps = 3383
################################################################################
Train 1 Epoch1
################################################################################
***** Running training *****
  Num examples = 3383
  Batch size = 1
  Num steps = 3383
################################################################################
Train 1 Epoch1
################################################################################
********************************************************************************
Train 1 Epoch1, Evaluate for atepc_datasets/restaurant
APC_test_acc: 85.17(max: 85.17)  APC_test_f1: 30.69(max: 30.69)
ATE_test_f1: 0.0(max:0)
Emotion_test_acc: 0.0(max: 0)Emotion_test_f1: 0.0(max: 0)
********************************************************************************
********************************************************************************
Train 1 Epoch1, Evaluate for atepc_datasets/restaurant
APC_test_acc: 85.17(max: 85.17)  APC_test_f1: 30.69(max: 30.69)
ATE_test_f1: 0.0(max:0)
Emotion_test_acc: 0.0(max: 0)Emotion_test_f1: 0.0(max: 0)
********************************************************************************
********************************************************************************
Train 1 Epoch1, Evaluate for atepc_datasets/restaurant
APC_test_acc: 85.17(max: 85.17)  APC_test_f1: 30.69(max: 30.69)
ATE_test_f1: 0.0(max:0)
Emotion_test_acc: 0.0(max: 0)Emotion_test_f1: 0.0(max: 0)
********************************************************************************
********************************************************************************
Train 1 Epoch1, Evaluate for atepc_datasets/restaurant
APC_test_acc: 85.17(max: 85.17)  APC_test_f1: 30.69(max: 30.69)
ATE_test_f1: 0.0(max:0)
Emotion_test_acc: 0.0(max: 0)Emotion_test_f1: 0.0(max: 0)
********************************************************************************
