log file: logs/240602-180918.log
--------------------------------------------------------------------------------
Config 1 (totally 1 configs)
No.1 training process of 5
>>> dataset: restaurant
>>> output_dir: output
>>> SRD: 6
>>> learning_rate: 0.0001
>>> use_unique_bert: True
>>> use_bert_spc: False
>>> local_context_focus: fusion
>>> num_train_epochs: 1.0
>>> train_batch_size: 4
>>> dropout: 0.5
>>> max_seq_length: 6
>>> eval_batch_size: 32
>>> eval_steps: 20
>>> gradient_accumulation_steps: 1
>>> config_path: experiments.json
>>> device: cpu
>>> seed: 1
>>> bert_model: bert-base-uncased
>>> data_dir: atepc_datasets/restaurant
***** Running training *****
  Num examples = 3866
  Batch size = 4
  Num steps = 966
################################################################################
Train 1 Epoch1
################################################################################
********************************************************************************
Train 1 Epoch1, Evaluate for atepc_datasets/restaurant
APC_test_acc: 25.54(max: 25.54)  APC_test_f1: 16.33(max: 16.33)
ATE_test_f1: 1.63(max:1.63)
Emotion_test_acc: 0.0(max: 0)Emotion_test_f1: 0.0(max: 0)
********************************************************************************
********************************************************************************
Train 1 Epoch1, Evaluate for atepc_datasets/restaurant
APC_test_acc: 25.54(max: 25.54)  APC_test_f1: 16.33(max: 16.33)
ATE_test_f1: 1.63(max:1.63)
Emotion_test_acc: 0.0(max: 0)Emotion_test_f1: 0.0(max: 0)
********************************************************************************
********************************************************************************
Train 1 Epoch1, Evaluate for atepc_datasets/restaurant
APC_test_acc: 25.54(max: 25.54)  APC_test_f1: 16.33(max: 16.33)
ATE_test_f1: 1.63(max:1.63)
Emotion_test_acc: 0.0(max: 0)Emotion_test_f1: 0.0(max: 0)
********************************************************************************
********************************************************************************
Train 1 Epoch1, Evaluate for atepc_datasets/restaurant
APC_test_acc: 25.54(max: 25.54)  APC_test_f1: 16.33(max: 16.33)
ATE_test_f1: 1.63(max:1.63)
Emotion_test_acc: 0.0(max: 0)Emotion_test_f1: 0.0(max: 0)
********************************************************************************
********************************************************************************
Train 1 Epoch1, Evaluate for atepc_datasets/restaurant
APC_test_acc: 25.54(max: 25.54)  APC_test_f1: 16.33(max: 16.33)
ATE_test_f1: 1.63(max:1.63)
Emotion_test_acc: 0.0(max: 0)Emotion_test_f1: 0.0(max: 0)
********************************************************************************
********************************************************************************
Train 1 Epoch1, Evaluate for atepc_datasets/restaurant
APC_test_acc: 25.54(max: 25.54)  APC_test_f1: 16.33(max: 16.33)
ATE_test_f1: 1.63(max:1.63)
Emotion_test_acc: 0.0(max: 0)Emotion_test_f1: 0.0(max: 0)
********************************************************************************
********************************************************************************
Train 1 Epoch1, Evaluate for atepc_datasets/restaurant
APC_test_acc: 25.54(max: 25.54)  APC_test_f1: 16.33(max: 16.33)
ATE_test_f1: 1.63(max:1.63)
Emotion_test_acc: 0.0(max: 0)Emotion_test_f1: 0.0(max: 0)
********************************************************************************
********************************************************************************
Train 1 Epoch1, Evaluate for atepc_datasets/restaurant
APC_test_acc: 25.54(max: 25.54)  APC_test_f1: 16.33(max: 16.33)
ATE_test_f1: 1.63(max:1.63)
Emotion_test_acc: 0.0(max: 0)Emotion_test_f1: 0.0(max: 0)
********************************************************************************
********************************************************************************
Train 1 Epoch1, Evaluate for atepc_datasets/restaurant
APC_test_acc: 25.54(max: 25.54)  APC_test_f1: 16.33(max: 16.33)
ATE_test_f1: 1.63(max:1.63)
Emotion_test_acc: 0.0(max: 0)Emotion_test_f1: 0.0(max: 0)
********************************************************************************
********************************************************************************
Train 1 Epoch1, Evaluate for atepc_datasets/restaurant
APC_test_acc: 25.54(max: 25.54)  APC_test_f1: 16.33(max: 16.33)
ATE_test_f1: 1.63(max:1.63)
Emotion_test_acc: 0.0(max: 0)Emotion_test_f1: 0.0(max: 0)
********************************************************************************
********************************************************************************
Train 1 Epoch1, Evaluate for atepc_datasets/restaurant
APC_test_acc: 25.54(max: 25.54)  APC_test_f1: 16.33(max: 16.33)
ATE_test_f1: 1.63(max:1.63)
Emotion_test_acc: 0.0(max: 0)Emotion_test_f1: 0.0(max: 0)
********************************************************************************
********************************************************************************
Train 1 Epoch1, Evaluate for atepc_datasets/restaurant
APC_test_acc: 25.54(max: 25.54)  APC_test_f1: 16.33(max: 16.33)
ATE_test_f1: 1.63(max:1.63)
Emotion_test_acc: 0.0(max: 0)Emotion_test_f1: 0.0(max: 0)
********************************************************************************
********************************************************************************
Train 1 Epoch1, Evaluate for atepc_datasets/restaurant
APC_test_acc: 25.54(max: 25.54)  APC_test_f1: 16.33(max: 16.33)
ATE_test_f1: 1.63(max:1.63)
Emotion_test_acc: 0.0(max: 0)Emotion_test_f1: 0.0(max: 0)
********************************************************************************
********************************************************************************
Train 1 Epoch1, Evaluate for atepc_datasets/restaurant
APC_test_acc: 25.54(max: 25.54)  APC_test_f1: 16.33(max: 16.33)
ATE_test_f1: 1.63(max:1.63)
Emotion_test_acc: 0.0(max: 0)Emotion_test_f1: 0.0(max: 0)
********************************************************************************
********************************************************************************
Train 1 Epoch1, Evaluate for atepc_datasets/restaurant
APC_test_acc: 25.54(max: 25.54)  APC_test_f1: 16.33(max: 16.33)
ATE_test_f1: 1.63(max:1.63)
Emotion_test_acc: 0.0(max: 0)Emotion_test_f1: 0.0(max: 0)
********************************************************************************
