log file: logs/240602-101905.log
--------------------------------------------------------------------------------
Config 1 (totally 1 configs)
No.1 training process of 5
>>> dataset: restaurant
>>> output_dir: output
>>> SRD: 5
>>> learning_rate: 0.0001
>>> use_unique_bert: False
>>> use_bert_spc: False
>>> local_context_focus: fusion
>>> num_train_epochs: 1.0
>>> train_batch_size: 6
>>> dropout: 0.1
>>> max_seq_length: 8
>>> eval_batch_size: 32
>>> eval_steps: 20
>>> gradient_accumulation_steps: 1
>>> config_path: experiments.json
>>> device: cpu
>>> seed: 1
>>> bert_model: bert-base-uncased
>>> data_dir: atepc_datasets/restaurant
