log file: logs/240602-081700.log
--------------------------------------------------------------------------------
Config 1 (totally 1 configs)
No.1 training process of 5
>>> dataset: restaurant
>>> output_dir: output
>>> SRD: 5
>>> learning_rate: 0.0001
>>> use_unique_bert: True
>>> use_bert_spc: False
>>> local_context_focus: fusion
>>> num_train_epochs: 1.0
>>> train_batch_size: 6
>>> dropout: 0.1
>>> max_seq_length: 8
>>> eval_batch_size: 32
>>> eval_steps: 20
>>> gradient_accumulation_steps: 1
>>> config_path: experiments.json
>>> device: cpu
>>> seed: 1
>>> bert_model: bert-base-uncased
>>> data_dir: atepc_datasets/restaurant
***** Running training *****
  Num examples = 3383
  Batch size = 6
  Num steps = 563
################################################################################
Train 1 Epoch1
################################################################################
********************************************************************************
Train 1 Epoch1, Evaluate for atepc_datasets/restaurant
APC_test_acc: 25.79(max: 25.79)  APC_test_f1: 18.74(max: 18.74)
ATE_test_f1: 0.89(max:0.89)
Emotion_test_acc: 0.41(max: 0.41)Emotion_test_f1: 0.43(max: 0.43)
********************************************************************************
