log file: logs/240602-081435.log
--------------------------------------------------------------------------------
Config 1 (totally 1 configs)
No.1 training process of 5
>>> dataset: restaurant
>>> output_dir: output
>>> SRD: 5
>>> learning_rate: 0.0001
>>> use_unique_bert: True
>>> use_bert_spc: False
>>> local_context_focus: fusion
>>> num_train_epochs: 1.0
>>> train_batch_size: 2
>>> dropout: 0.1
>>> max_seq_length: 6
>>> eval_batch_size: 32
>>> eval_steps: 20
>>> gradient_accumulation_steps: 1
>>> config_path: experiments.json
>>> device: cpu
>>> seed: 1
>>> bert_model: bert-base-uncased
>>> data_dir: atepc_datasets/restaurant
***** Running training *****
  Num examples = 3383
  Batch size = 2
  Num steps = 1691
################################################################################
Train 1 Epoch1
################################################################################
********************************************************************************
Train 1 Epoch1, Evaluate for atepc_datasets/restaurant
APC_test_acc: 29.66(max: 29.66)  APC_test_f1: 18.41(max: 18.41)
ATE_test_f1: 1.38(max:1.38)
Emotion_test_acc: 0.28(max: 0.28)Emotion_test_f1: 0.05(max: 0.05)
********************************************************************************
