log file: logs/240630-174957.log
--------------------------------------------------------------------------------
Config 1 (totally 1 configs)
No.1 training process of 1
>>> dataset: restaurant
>>> output_dir: output
>>> SRD: 5
>>> learning_rate: 3e-05
>>> use_unique_bert: True
>>> use_bert_spc: False
>>> local_context_focus: fusion
>>> num_train_epochs: 1.0
>>> train_batch_size: 4
>>> dropout: 0.1
>>> max_seq_length: 25
>>> eval_batch_size: 32
>>> eval_steps: 20
>>> gradient_accumulation_steps: 1
>>> config_path: experiments.json
>>> device: cpu
>>> seed: 1
>>> bert_model: bert-base-uncased
>>> data_dir: atepc_datasets/restaurant
***** Running training *****
  Num examples = 3310
  Batch size = 4
  Num steps = 827
################################################################################
Train 1 Epoch1
################################################################################
********************************************************************************
Train 1 Epoch1, Evaluate for atepc_datasets/restaurant
APC_test_acc: 51.8(max: 51.8)  APC_test_f1: 25.92(max: 25.92)
ATE_test_f1: 0.52(max:0.52)
Emotion_test_acc: 64.22(max: 64.22) Emotion_test_f1: 27.95(max: 27.95)
********************************************************************************
