log file: logs/240624-200116.log
--------------------------------------------------------------------------------
Config 1 (totally 1 configs)
No.1 training process of 2
>>> dataset: restaurant
>>> output_dir: output
>>> SRD: 5
>>> learning_rate: 3e-05
>>> use_unique_bert: True
>>> use_bert_spc: False
>>> local_context_focus: fusion
>>> num_train_epochs: 1.0
>>> train_batch_size: 6
>>> dropout: 0.1
>>> max_seq_length: 40
>>> eval_batch_size: 32
>>> eval_steps: 20
>>> gradient_accumulation_steps: 1
>>> config_path: experiments.json
>>> device: cpu
>>> seed: 1
>>> bert_model: bert-base-uncased
>>> data_dir: atepc_datasets/restaurant
***** Running training *****
  Num examples = 3607
  Batch size = 6
  Num steps = 601
################################################################################
Train 1 Epoch1
################################################################################
********************************************************************************
Train 1 Epoch1, Evaluate for atepc_datasets/restaurant
APC_test_acc: 46.52(max: 46.52)  APC_test_f1: 28.03(max: 28.03)
ATE_test_f1: 0.07(max:0.07)
Emotion_test_acc: 55.54(max: 55.54) Emotion_test_f1: 30.54(max: 30.54)
********************************************************************************
