log file: logs/240625-214806.log
--------------------------------------------------------------------------------
Config 1 (totally 1 configs)
No.1 training process of 1
>>> dataset: restaurant
>>> output_dir: output
>>> SRD: 5
>>> learning_rate: 3e-05
>>> use_unique_bert: True
>>> use_bert_spc: False
>>> local_context_focus: fusion
>>> num_train_epochs: 1.0
>>> train_batch_size: 6
>>> dropout: 0.0
>>> max_seq_length: 40
>>> eval_batch_size: 32
>>> eval_steps: 20
>>> gradient_accumulation_steps: 1
>>> config_path: experiments.json
>>> device: cpu
>>> seed: 1
>>> bert_model: bert-base-uncased
>>> data_dir: atepc_datasets/restaurant
***** Running training *****
  Num examples = 3310
  Batch size = 6
  Num steps = 551
################################################################################
Train 1 Epoch1
################################################################################
********************************************************************************
Train 1 Epoch1, Evaluate for atepc_datasets/restaurant
APC_test_acc: 39.03(max: 39.03)  APC_test_f1: 25.49(max: 25.49)
ATE_test_f1: 0.0(max:0)
Emotion_test_acc: 62.74(max: 62.74) Emotion_test_f1: 28.96(max: 28.96)
********************************************************************************
********************************************************************************
Train 1 Epoch1, Evaluate for atepc_datasets/restaurant
APC_test_acc: 61.4(max: 61.4)  APC_test_f1: 25.36(max: 25.49)
ATE_test_f1: 0.0(max:0)
Emotion_test_acc: 66.55(max: 66.55) Emotion_test_f1: 26.64(max: 28.96)
********************************************************************************
********************************************************************************
Train 1 Epoch1, Evaluate for atepc_datasets/restaurant
APC_test_acc: 61.4(max: 61.4)  APC_test_f1: 25.36(max: 25.49)
ATE_test_f1: 0.0(max:0)
Emotion_test_acc: 66.55(max: 66.55) Emotion_test_f1: 26.64(max: 28.96)
********************************************************************************
