log file: logs/240711-192532.log
--------------------------------------------------------------------------------
Config 1 (totally 1 configs)
No.1 training process of 5
>>> dataset: restaurant
>>> output_dir: output
>>> SRD: 5
>>> learning_rate: 3e-05
>>> use_unique_bert: True
>>> use_bert_spc: False
>>> local_context_focus: fusion
>>> num_train_epochs: 1.0
>>> train_batch_size: 6
>>> dropout: 0.0
>>> max_seq_length: 30
>>> eval_batch_size: 32
>>> eval_steps: 20
>>> gradient_accumulation_steps: 1
>>> config_path: experiments.json
>>> device: cpu
>>> seed: 1
>>> bert_model: bert-base-uncased
>>> data_dir: atepc_datasets/restaurant
***** Running training *****
  Num examples = 3308
  Batch size = 6
  Num steps = 551
################################################################################
Train 1 Epoch1
################################################################################
********************************************************************************
Train 1 Epoch1, Evaluate for atepc_datasets/restaurant
APC_test_acc: 62.72(max: 62.72)  APC_test_f1: 24.99(max: 24.99)
ATE_test_f1: 0.0(max:0)
Emotion_test_acc: 65.47(max: 65.47) Emotion_test_f1: 26.38(max: 26.38)
********************************************************************************
********************************************************************************
Train 1 Epoch1, Evaluate for atepc_datasets/restaurant
APC_test_acc: 62.72(max: 62.72)  APC_test_f1: 24.99(max: 24.99)
ATE_test_f1: 0.0(max:0)
Emotion_test_acc: 65.47(max: 65.47) Emotion_test_f1: 26.38(max: 26.38)
********************************************************************************
********************************************************************************
Train 1 Epoch1, Evaluate for atepc_datasets/restaurant
APC_test_acc: 62.68(max: 62.72)  APC_test_f1: 26.08(max: 26.08)
ATE_test_f1: 0.0(max:0)
Emotion_test_acc: 65.47(max: 65.47) Emotion_test_f1: 26.38(max: 26.38)
********************************************************************************
********************************************************************************
Train 1 Epoch1, Evaluate for atepc_datasets/restaurant
APC_test_acc: 62.86(max: 62.86)  APC_test_f1: 26.38(max: 26.38)
ATE_test_f1: 0.0(max:0)
Emotion_test_acc: 65.47(max: 65.47) Emotion_test_f1: 26.38(max: 26.38)
********************************************************************************
********************************************************************************
Train 1 Epoch1, Evaluate for atepc_datasets/restaurant
APC_test_acc: 66.63(max: 66.63)  APC_test_f1: 37.14(max: 37.14)
ATE_test_f1: 11.9(max:11.9)
Emotion_test_acc: 70.33(max: 70.33) Emotion_test_f1: 38.79(max: 38.79)
********************************************************************************
