log file: logs/240717-184907.log
--------------------------------------------------------------------------------
Config 1 (totally 1 configs)
No.1 training process of 2
>>> dataset: restaurant
>>> output_dir: output
>>> SRD: 5
>>> learning_rate: 3e-05
>>> use_unique_bert: True
>>> use_bert_spc: False
>>> local_context_focus: fusion
>>> num_train_epochs: 1.0
>>> train_batch_size: 6
>>> dropout: 0.0
>>> max_seq_length: 25
>>> eval_batch_size: 32
>>> eval_steps: 20
>>> gradient_accumulation_steps: 1
>>> config_path: experiments.json
>>> device: cpu
>>> seed: 1
>>> bert_model: bert-base-uncased
>>> data_dir: atepc_datasets/restaurant
***** Running training *****
  Num examples = 3545
  Batch size = 6
  Num steps = 590
################################################################################
Train 1 Epoch1
################################################################################
********************************************************************************
Train 1 Epoch1, Evaluate for atepc_datasets/restaurant
APC_test_acc: 58.16(max: 58.16)  APC_test_f1: 23.32(max: 23.32)
ATE_test_f1: 0.0(max:0)
Emotion_test_acc: 62.52(max: 62.52) Emotion_test_f1: 25.65(max: 25.65)
********************************************************************************
********************************************************************************
Train 1 Epoch1, Evaluate for atepc_datasets/restaurant
APC_test_acc: 58.16(max: 58.16)  APC_test_f1: 23.32(max: 23.32)
ATE_test_f1: 0.0(max:0)
Emotion_test_acc: 62.52(max: 62.52) Emotion_test_f1: 25.65(max: 25.65)
********************************************************************************
********************************************************************************
Train 1 Epoch1, Evaluate for atepc_datasets/restaurant
APC_test_acc: 61.04(max: 61.04)  APC_test_f1: 36.84(max: 36.84)
ATE_test_f1: 0.0(max:0)
Emotion_test_acc: 63.45(max: 63.45) Emotion_test_f1: 27.59(max: 27.59)
********************************************************************************
********************************************************************************
Train 1 Epoch1, Evaluate for atepc_datasets/restaurant
APC_test_acc: 69.8(max: 69.8)  APC_test_f1: 44.01(max: 44.01)
ATE_test_f1: 0.0(max:0)
Emotion_test_acc: 76.9(max: 76.9) Emotion_test_f1: 50.58(max: 50.58)
********************************************************************************
********************************************************************************
Train 1 Epoch1, Evaluate for atepc_datasets/restaurant
APC_test_acc: 72.72(max: 72.72)  APC_test_f1: 54.34(max: 54.34)
ATE_test_f1: 0.0(max:0)
Emotion_test_acc: 77.66(max: 77.66) Emotion_test_f1: 52.16(max: 52.16)
********************************************************************************
********************************************************************************
Train 1 Epoch1, Evaluate for atepc_datasets/restaurant
APC_test_acc: 71.62(max: 72.72)  APC_test_f1: 53.66(max: 54.34)
ATE_test_f1: 9.56(max:9.56)
Emotion_test_acc: 78.6(max: 78.6) Emotion_test_f1: 52.61(max: 52.61)
********************************************************************************
