log file: logs/240714-140538.log
--------------------------------------------------------------------------------
Config 1 (totally 1 configs)
No.1 training process of 2
>>> dataset: restaurant
>>> output_dir: output
>>> SRD: 5
>>> learning_rate: 3e-05
>>> use_unique_bert: True
>>> use_bert_spc: False
>>> local_context_focus: fusion
>>> num_train_epochs: 1.0
>>> train_batch_size: 6
>>> dropout: 0.0
>>> max_seq_length: 25
>>> eval_batch_size: 32
>>> eval_steps: 20
>>> gradient_accumulation_steps: 1
>>> config_path: experiments.json
>>> device: cpu
>>> seed: 1
>>> bert_model: bert-base-uncased
>>> data_dir: atepc_datasets/restaurant
***** Running training *****
  Num examples = 3308
  Batch size = 6
  Num steps = 551
################################################################################
Train 1 Epoch1
################################################################################
********************************************************************************
Train 1 Epoch1, Evaluate for atepc_datasets/restaurant
APC_test_acc: 61.73(max: 61.73)  APC_test_f1: 24.58(max: 24.58)
ATE_test_f1: 0.0(max:0)
Emotion_test_acc: 65.05(max: 65.05) Emotion_test_f1: 13.14(max: 13.14)
********************************************************************************
********************************************************************************
Train 1 Epoch1, Evaluate for atepc_datasets/restaurant
APC_test_acc: 61.73(max: 61.73)  APC_test_f1: 24.58(max: 24.58)
ATE_test_f1: 0.0(max:0)
Emotion_test_acc: 65.05(max: 65.05) Emotion_test_f1: 13.14(max: 13.14)
********************************************************************************
********************************************************************************
Train 1 Epoch1, Evaluate for atepc_datasets/restaurant
APC_test_acc: 61.73(max: 61.73)  APC_test_f1: 24.58(max: 24.58)
ATE_test_f1: 0.0(max:0)
Emotion_test_acc: 65.05(max: 65.05) Emotion_test_f1: 13.14(max: 13.14)
********************************************************************************
********************************************************************************
Train 1 Epoch1, Evaluate for atepc_datasets/restaurant
APC_test_acc: 61.87(max: 61.87)  APC_test_f1: 25.46(max: 25.46)
ATE_test_f1: 0.51(max:0.51)
Emotion_test_acc: 65.05(max: 65.05) Emotion_test_f1: 13.14(max: 13.14)
********************************************************************************
