log file: logs/241203-162828.log
--------------------------------------------------------------------------------
Config 1 (totally 1 configs)
No.1 training process of 5
>>> dataset: restaurant
>>> output_dir: output
>>> SRD: 5
>>> learning_rate: 3e-05
>>> use_unique_bert: True
>>> use_bert_spc: False
>>> local_context_focus: fusion
>>> num_train_epochs: 1.0
>>> train_batch_size: 6
>>> dropout: 0.0
>>> max_seq_length: 25
>>> eval_batch_size: 32
>>> eval_steps: 20
>>> gradient_accumulation_steps: 1
>>> config_path: experiments.json
>>> device: cpu
>>> seed: 1
>>> bert_model: bert-base-uncased
>>> data_dir: atepc_datasets/restaurant
***** Running training *****
  Num examples = 3545
  Batch size = 6
  Num steps = 590
################################################################################
Train 1 Epoch1
################################################################################
********************************************************************************
Train 1 Epoch1, Evaluate for atepc_datasets/restaurant
APC_test_acc: 61.34(max: 61.34)  APC_test_f1: 73.38(max: 73.38)
ATE_test_f1: 0.0(max:0)
Emotion_test_acc: 64.72(max: 64.72) Emotion_test_f1: 0.0(max: 0)
********************************************************************************
********************************************************************************
Train 1 Epoch1, Evaluate for atepc_datasets/restaurant
APC_test_acc: 61.34(max: 61.34)  APC_test_f1: 73.38(max: 73.38)
ATE_test_f1: 0.0(max:0)
Emotion_test_acc: 64.72(max: 64.72) Emotion_test_f1: 0.0(max: 0)
********************************************************************************
********************************************************************************
Train 1 Epoch1, Evaluate for atepc_datasets/restaurant
APC_test_acc: 64.13(max: 64.13)  APC_test_f1: 71.83(max: 73.38)
ATE_test_f1: 0.0(max:0)
Emotion_test_acc: 64.72(max: 64.72) Emotion_test_f1: 0.0(max: 0)
********************************************************************************
