log file: logs/241203-170617.log
--------------------------------------------------------------------------------
Config 1 (totally 1 configs)
No.1 training process of 5
>>> dataset: restaurant
>>> output_dir: output
>>> SRD: 5
>>> learning_rate: 3e-05
>>> use_unique_bert: True
>>> use_bert_spc: False
>>> local_context_focus: fusion
>>> num_train_epochs: 5.0
>>> train_batch_size: 16
>>> dropout: 0.0
>>> max_seq_length: 80
>>> eval_batch_size: 32
>>> eval_steps: 20
>>> gradient_accumulation_steps: 1
>>> config_path: experiments.json
>>> device: cpu
>>> seed: 1
>>> bert_model: bert-base-uncased
>>> data_dir: atepc_datasets/restaurant
***** Running training *****
  Num examples = 3545
  Batch size = 16
  Num steps = 1105
################################################################################
Train 1 Epoch1
################################################################################
################################################################################
Train 1 Epoch2
################################################################################
################################################################################
Train 1 Epoch3
################################################################################
################################################################################
Train 1 Epoch4
################################################################################
********************************************************************************
Train 1 Epoch4, Evaluate for atepc_datasets/restaurant
APC_test_acc: 79.7(max: 79.7)  APC_test_f1: 73.84(max: 73.84)
ATE_test_f1: 93.71(max:93.71)
Emotion_test_acc: 79.95(max: 79.95) Emotion_test_f1: 31.84(max: 31.84)
********************************************************************************
********************************************************************************
Train 1 Epoch4, Evaluate for atepc_datasets/restaurant
APC_test_acc: 79.78(max: 79.78)  APC_test_f1: 73.12(max: 73.84)
ATE_test_f1: 93.94(max:93.94)
Emotion_test_acc: 78.76(max: 79.95) Emotion_test_f1: 35.58(max: 35.58)
********************************************************************************
********************************************************************************
Train 1 Epoch4, Evaluate for atepc_datasets/restaurant
APC_test_acc: 80.33(max: 80.33)  APC_test_f1: 73.85(max: 73.85)
ATE_test_f1: 93.76(max:93.94)
Emotion_test_acc: 80.2(max: 80.2) Emotion_test_f1: 28.09(max: 35.58)
********************************************************************************
********************************************************************************
Train 1 Epoch4, Evaluate for atepc_datasets/restaurant
APC_test_acc: 80.2(max: 80.33)  APC_test_f1: 74.55(max: 74.55)
ATE_test_f1: 93.48(max:93.94)
Emotion_test_acc: 79.95(max: 80.2) Emotion_test_f1: 26.46(max: 35.58)
********************************************************************************
********************************************************************************
Train 1 Epoch4, Evaluate for atepc_datasets/restaurant
APC_test_acc: 80.12(max: 80.33)  APC_test_f1: 72.86(max: 74.55)
ATE_test_f1: 93.21(max:93.94)
Emotion_test_acc: 80.12(max: 80.2) Emotion_test_f1: 44.42(max: 44.42)
********************************************************************************
********************************************************************************
Train 1 Epoch4, Evaluate for atepc_datasets/restaurant
APC_test_acc: 79.91(max: 80.33)  APC_test_f1: 72.89(max: 74.55)
ATE_test_f1: 94.38(max:94.38)
Emotion_test_acc: 79.78(max: 80.2) Emotion_test_f1: 42.5(max: 44.42)
********************************************************************************
********************************************************************************
Train 1 Epoch4, Evaluate for atepc_datasets/restaurant
APC_test_acc: 80.37(max: 80.37)  APC_test_f1: 72.34(max: 74.55)
ATE_test_f1: 94.08(max:94.38)
Emotion_test_acc: 80.63(max: 80.63) Emotion_test_f1: 35.98(max: 44.42)
********************************************************************************
********************************************************************************
Train 1 Epoch4, Evaluate for atepc_datasets/restaurant
APC_test_acc: 78.47(max: 80.37)  APC_test_f1: 72.47(max: 74.55)
ATE_test_f1: 94.33(max:94.38)
Emotion_test_acc: 78.26(max: 80.63) Emotion_test_f1: 41.13(max: 44.42)
********************************************************************************
********************************************************************************
Train 1 Epoch4, Evaluate for atepc_datasets/restaurant
APC_test_acc: 80.84(max: 80.84)  APC_test_f1: 73.46(max: 74.55)
ATE_test_f1: 94.19(max:94.38)
Emotion_test_acc: 81.73(max: 81.73) Emotion_test_f1: 49.96(max: 49.96)
********************************************************************************
********************************************************************************
Train 1 Epoch4, Evaluate for atepc_datasets/restaurant
APC_test_acc: 81.05(max: 81.05)  APC_test_f1: 73.36(max: 74.55)
ATE_test_f1: 94.55(max:94.55)
Emotion_test_acc: 81.81(max: 81.81) Emotion_test_f1: 50.64(max: 50.64)
********************************************************************************
********************************************************************************
Train 1 Epoch4, Evaluate for atepc_datasets/restaurant
APC_test_acc: 80.71(max: 81.05)  APC_test_f1: 71.94(max: 74.55)
ATE_test_f1: 94.2(max:94.55)
Emotion_test_acc: 81.05(max: 81.81) Emotion_test_f1: 39.57(max: 50.64)
********************************************************************************
################################################################################
Train 1 Epoch5
################################################################################
********************************************************************************
Train 1 Epoch5, Evaluate for atepc_datasets/restaurant
APC_test_acc: 81.01(max: 81.05)  APC_test_f1: 74.13(max: 74.55)
ATE_test_f1: 94.54(max:94.55)
Emotion_test_acc: 82.06(max: 82.06) Emotion_test_f1: 53.88(max: 53.88)
********************************************************************************
********************************************************************************
Train 1 Epoch5, Evaluate for atepc_datasets/restaurant
APC_test_acc: 79.99(max: 81.05)  APC_test_f1: 72.3(max: 74.55)
ATE_test_f1: 94.8(max:94.8)
Emotion_test_acc: 79.78(max: 82.06) Emotion_test_f1: 43.09(max: 53.88)
********************************************************************************
********************************************************************************
Train 1 Epoch5, Evaluate for atepc_datasets/restaurant
APC_test_acc: 82.19(max: 82.19)  APC_test_f1: 73.65(max: 74.55)
ATE_test_f1: 94.4(max:94.8)
Emotion_test_acc: 84.86(max: 84.86) Emotion_test_f1: 56.92(max: 56.92)
********************************************************************************
********************************************************************************
Train 1 Epoch5, Evaluate for atepc_datasets/restaurant
APC_test_acc: 82.91(max: 82.91)  APC_test_f1: 74.07(max: 74.55)
ATE_test_f1: 94.41(max:94.8)
Emotion_test_acc: 85.28(max: 85.28) Emotion_test_f1: 55.68(max: 56.92)
********************************************************************************
********************************************************************************
Train 1 Epoch5, Evaluate for atepc_datasets/restaurant
APC_test_acc: 82.28(max: 82.91)  APC_test_f1: 72.42(max: 74.55)
ATE_test_f1: 94.5(max:94.8)
Emotion_test_acc: 84.86(max: 85.28) Emotion_test_f1: 58.2(max: 58.2)
********************************************************************************
********************************************************************************
Train 1 Epoch5, Evaluate for atepc_datasets/restaurant
APC_test_acc: 81.94(max: 82.91)  APC_test_f1: 72.01(max: 74.55)
ATE_test_f1: 94.39(max:94.8)
Emotion_test_acc: 85.28(max: 85.28) Emotion_test_f1: 66.71(max: 66.71)
********************************************************************************
********************************************************************************
Train 1 Epoch5, Evaluate for atepc_datasets/restaurant
APC_test_acc: 82.19(max: 82.91)  APC_test_f1: 73.55(max: 74.55)
ATE_test_f1: 94.25(max:94.8)
Emotion_test_acc: 84.43(max: 85.28) Emotion_test_f1: 58.13(max: 66.71)
********************************************************************************
********************************************************************************
Train 1 Epoch5, Evaluate for atepc_datasets/restaurant
APC_test_acc: 78.81(max: 82.91)  APC_test_f1: 71.28(max: 74.55)
ATE_test_f1: 94.41(max:94.8)
Emotion_test_acc: 81.56(max: 85.28) Emotion_test_f1: 59.45(max: 66.71)
********************************************************************************
********************************************************************************
Train 1 Epoch5, Evaluate for atepc_datasets/restaurant
APC_test_acc: 82.99(max: 82.99)  APC_test_f1: 73.0(max: 74.55)
ATE_test_f1: 93.91(max:94.8)
Emotion_test_acc: 85.96(max: 85.96) Emotion_test_f1: 68.4(max: 68.4)
********************************************************************************
********************************************************************************
Train 1 Epoch5, Evaluate for atepc_datasets/restaurant
APC_test_acc: 81.64(max: 82.99)  APC_test_f1: 73.37(max: 74.55)
ATE_test_f1: 94.9(max:94.9)
Emotion_test_acc: 83.84(max: 85.96) Emotion_test_f1: 56.39(max: 68.4)
********************************************************************************
********************************************************************************
Train 1 Epoch5, Evaluate for atepc_datasets/restaurant
APC_test_acc: 81.01(max: 82.99)  APC_test_f1: 71.39(max: 74.55)
ATE_test_f1: 94.62(max:94.9)
Emotion_test_acc: 84.18(max: 85.96) Emotion_test_f1: 61.39(max: 68.4)
********************************************************************************
max_ate_test_f1:94.9 max_apc_test_acc: 82.99	max_apc_test_f1: 74.55 	max_emotion_test_acc: 85.96	max_emotion_test_f1: 68.4
No.2 training process of 5
>>> dataset: restaurant
>>> output_dir: output
>>> SRD: 5
>>> learning_rate: 3e-05
>>> use_unique_bert: True
>>> use_bert_spc: False
>>> local_context_focus: fusion
>>> num_train_epochs: 5.0
>>> train_batch_size: 16
>>> dropout: 0.0
>>> max_seq_length: 80
>>> eval_batch_size: 32
>>> eval_steps: 20
>>> gradient_accumulation_steps: 1
>>> config_path: experiments.json
>>> device: cpu
>>> seed: 2
>>> bert_model: bert-base-uncased
>>> data_dir: atepc_datasets/restaurant
***** Running training *****
  Num examples = 3545
  Batch size = 16
  Num steps = 1105
################################################################################
Train 2 Epoch1
################################################################################
################################################################################
Train 2 Epoch2
################################################################################
################################################################################
Train 2 Epoch3
################################################################################
################################################################################
Train 2 Epoch4
################################################################################
********************************************************************************
Train 2 Epoch4, Evaluate for atepc_datasets/restaurant
APC_test_acc: 80.29(max: 80.29)  APC_test_f1: 74.81(max: 74.81)
ATE_test_f1: 93.19(max:93.19)
Emotion_test_acc: 79.61(max: 79.61) Emotion_test_f1: 33.56(max: 33.56)
********************************************************************************
********************************************************************************
Train 2 Epoch4, Evaluate for atepc_datasets/restaurant
APC_test_acc: 78.38(max: 80.29)  APC_test_f1: 72.07(max: 74.81)
ATE_test_f1: 93.65(max:93.65)
Emotion_test_acc: 76.73(max: 79.61) Emotion_test_f1: 31.62(max: 33.56)
********************************************************************************
********************************************************************************
Train 2 Epoch4, Evaluate for atepc_datasets/restaurant
APC_test_acc: 79.27(max: 80.29)  APC_test_f1: 72.84(max: 74.81)
ATE_test_f1: 93.28(max:93.65)
Emotion_test_acc: 79.1(max: 79.61) Emotion_test_f1: 29.71(max: 33.56)
********************************************************************************
********************************************************************************
Train 2 Epoch4, Evaluate for atepc_datasets/restaurant
APC_test_acc: 79.53(max: 80.29)  APC_test_f1: 73.71(max: 74.81)
ATE_test_f1: 93.7(max:93.7)
Emotion_test_acc: 79.61(max: 79.61) Emotion_test_f1: 26.72(max: 33.56)
********************************************************************************
********************************************************************************
Train 2 Epoch4, Evaluate for atepc_datasets/restaurant
APC_test_acc: 80.33(max: 80.33)  APC_test_f1: 71.31(max: 74.81)
ATE_test_f1: 93.44(max:93.7)
Emotion_test_acc: 81.39(max: 81.39) Emotion_test_f1: 45.6(max: 45.6)
********************************************************************************
********************************************************************************
Train 2 Epoch4, Evaluate for atepc_datasets/restaurant
APC_test_acc: 80.71(max: 80.71)  APC_test_f1: 72.5(max: 74.81)
ATE_test_f1: 93.67(max:93.7)
Emotion_test_acc: 81.3(max: 81.39) Emotion_test_f1: 46.4(max: 46.4)
********************************************************************************
********************************************************************************
Train 2 Epoch4, Evaluate for atepc_datasets/restaurant
APC_test_acc: 80.71(max: 80.71)  APC_test_f1: 73.35(max: 74.81)
ATE_test_f1: 93.48(max:93.7)
Emotion_test_acc: 80.63(max: 81.39) Emotion_test_f1: 34.42(max: 46.4)
********************************************************************************
********************************************************************************
Train 2 Epoch4, Evaluate for atepc_datasets/restaurant
APC_test_acc: 77.24(max: 80.71)  APC_test_f1: 71.05(max: 74.81)
ATE_test_f1: 93.99(max:93.99)
Emotion_test_acc: 78.68(max: 81.39) Emotion_test_f1: 40.05(max: 46.4)
********************************************************************************
********************************************************************************
Train 2 Epoch4, Evaluate for atepc_datasets/restaurant
APC_test_acc: 80.5(max: 80.71)  APC_test_f1: 71.05(max: 74.81)
ATE_test_f1: 93.84(max:93.99)
Emotion_test_acc: 83.59(max: 83.59) Emotion_test_f1: 47.98(max: 47.98)
********************************************************************************
********************************************************************************
Train 2 Epoch4, Evaluate for atepc_datasets/restaurant
APC_test_acc: 81.39(max: 81.39)  APC_test_f1: 72.32(max: 74.81)
ATE_test_f1: 94.09(max:94.09)
Emotion_test_acc: 82.91(max: 83.59) Emotion_test_f1: 51.87(max: 51.87)
********************************************************************************
********************************************************************************
Train 2 Epoch4, Evaluate for atepc_datasets/restaurant
APC_test_acc: 81.39(max: 81.39)  APC_test_f1: 72.59(max: 74.81)
ATE_test_f1: 94.04(max:94.09)
Emotion_test_acc: 82.32(max: 83.59) Emotion_test_f1: 45.78(max: 51.87)
********************************************************************************
################################################################################
Train 2 Epoch5
################################################################################
********************************************************************************
Train 2 Epoch5, Evaluate for atepc_datasets/restaurant
APC_test_acc: 78.72(max: 81.39)  APC_test_f1: 72.2(max: 74.81)
ATE_test_f1: 93.8(max:94.09)
Emotion_test_acc: 80.8(max: 83.59) Emotion_test_f1: 47.55(max: 51.87)
********************************************************************************
********************************************************************************
Train 2 Epoch5, Evaluate for atepc_datasets/restaurant
APC_test_acc: 80.96(max: 81.39)  APC_test_f1: 71.89(max: 74.81)
ATE_test_f1: 93.93(max:94.09)
Emotion_test_acc: 82.57(max: 83.59) Emotion_test_f1: 54.28(max: 54.28)
********************************************************************************
********************************************************************************
Train 2 Epoch5, Evaluate for atepc_datasets/restaurant
APC_test_acc: 82.45(max: 82.45)  APC_test_f1: 74.39(max: 74.81)
ATE_test_f1: 94.17(max:94.17)
Emotion_test_acc: 85.03(max: 85.03) Emotion_test_f1: 55.37(max: 55.37)
********************************************************************************
********************************************************************************
Train 2 Epoch5, Evaluate for atepc_datasets/restaurant
APC_test_acc: 82.91(max: 82.91)  APC_test_f1: 73.2(max: 74.81)
ATE_test_f1: 94.13(max:94.17)
Emotion_test_acc: 86.46(max: 86.46) Emotion_test_f1: 63.49(max: 63.49)
********************************************************************************
********************************************************************************
Train 2 Epoch5, Evaluate for atepc_datasets/restaurant
APC_test_acc: 83.54(max: 83.54)  APC_test_f1: 74.69(max: 74.81)
ATE_test_f1: 94.25(max:94.25)
Emotion_test_acc: 85.87(max: 86.46) Emotion_test_f1: 61.83(max: 63.49)
********************************************************************************
********************************************************************************
Train 2 Epoch5, Evaluate for atepc_datasets/restaurant
APC_test_acc: 83.97(max: 83.97)  APC_test_f1: 74.96(max: 74.96)
ATE_test_f1: 93.67(max:94.25)
Emotion_test_acc: 86.63(max: 86.63) Emotion_test_f1: 68.4(max: 68.4)
********************************************************************************
********************************************************************************
Train 2 Epoch5, Evaluate for atepc_datasets/restaurant
APC_test_acc: 84.14(max: 84.14)  APC_test_f1: 75.05(max: 75.05)
ATE_test_f1: 94.15(max:94.25)
Emotion_test_acc: 86.72(max: 86.72) Emotion_test_f1: 66.9(max: 68.4)
********************************************************************************
********************************************************************************
Train 2 Epoch5, Evaluate for atepc_datasets/restaurant
APC_test_acc: 82.66(max: 84.14)  APC_test_f1: 74.78(max: 75.05)
ATE_test_f1: 94.46(max:94.46)
Emotion_test_acc: 85.11(max: 86.72) Emotion_test_f1: 56.29(max: 68.4)
********************************************************************************
********************************************************************************
Train 2 Epoch5, Evaluate for atepc_datasets/restaurant
APC_test_acc: 82.57(max: 84.14)  APC_test_f1: 70.4(max: 75.05)
ATE_test_f1: 94.05(max:94.46)
Emotion_test_acc: 85.53(max: 86.72) Emotion_test_f1: 59.35(max: 68.4)
********************************************************************************
********************************************************************************
Train 2 Epoch5, Evaluate for atepc_datasets/restaurant
APC_test_acc: 83.84(max: 84.14)  APC_test_f1: 74.58(max: 75.05)
ATE_test_f1: 94.48(max:94.48)
Emotion_test_acc: 86.63(max: 86.72) Emotion_test_f1: 68.64(max: 68.64)
********************************************************************************
********************************************************************************
Train 2 Epoch5, Evaluate for atepc_datasets/restaurant
APC_test_acc: 82.23(max: 84.14)  APC_test_f1: 73.64(max: 75.05)
ATE_test_f1: 94.56(max:94.56)
Emotion_test_acc: 85.7(max: 86.72) Emotion_test_f1: 62.0(max: 68.64)
********************************************************************************
max_ate_test_f1:94.9 max_apc_test_acc: 84.14	max_apc_test_f1: 75.05 	max_emotion_test_acc: 86.72	max_emotion_test_f1: 68.64
No.3 training process of 5
>>> dataset: restaurant
>>> output_dir: output
>>> SRD: 5
>>> learning_rate: 3e-05
>>> use_unique_bert: True
>>> use_bert_spc: False
>>> local_context_focus: fusion
>>> num_train_epochs: 5.0
>>> train_batch_size: 16
>>> dropout: 0.0
>>> max_seq_length: 80
>>> eval_batch_size: 32
>>> eval_steps: 20
>>> gradient_accumulation_steps: 1
>>> config_path: experiments.json
>>> device: cpu
>>> seed: 3
>>> bert_model: bert-base-uncased
>>> data_dir: atepc_datasets/restaurant
***** Running training *****
  Num examples = 3545
  Batch size = 16
  Num steps = 1105
################################################################################
Train 3 Epoch1
################################################################################
################################################################################
Train 3 Epoch2
################################################################################
################################################################################
Train 3 Epoch3
################################################################################
################################################################################
Train 3 Epoch4
################################################################################
********************************************************************************
Train 3 Epoch4, Evaluate for atepc_datasets/restaurant
APC_test_acc: 79.86(max: 79.86)  APC_test_f1: 75.73(max: 75.73)
ATE_test_f1: 94.03(max:94.03)
Emotion_test_acc: 78.43(max: 78.43) Emotion_test_f1: 34.71(max: 34.71)
********************************************************************************
********************************************************************************
Train 3 Epoch4, Evaluate for atepc_datasets/restaurant
APC_test_acc: 79.86(max: 79.86)  APC_test_f1: 74.15(max: 75.73)
ATE_test_f1: 94.06(max:94.06)
Emotion_test_acc: 78.76(max: 78.76) Emotion_test_f1: 33.87(max: 34.71)
********************************************************************************
********************************************************************************
Train 3 Epoch4, Evaluate for atepc_datasets/restaurant
APC_test_acc: 80.08(max: 80.08)  APC_test_f1: 74.15(max: 75.73)
ATE_test_f1: 93.88(max:94.06)
Emotion_test_acc: 79.61(max: 79.61) Emotion_test_f1: 28.68(max: 34.71)
********************************************************************************
********************************************************************************
Train 3 Epoch4, Evaluate for atepc_datasets/restaurant
APC_test_acc: 79.86(max: 80.08)  APC_test_f1: 74.18(max: 75.73)
ATE_test_f1: 93.97(max:94.06)
Emotion_test_acc: 79.02(max: 79.61) Emotion_test_f1: 22.34(max: 34.71)
********************************************************************************
********************************************************************************
Train 3 Epoch4, Evaluate for atepc_datasets/restaurant
APC_test_acc: 80.12(max: 80.12)  APC_test_f1: 73.8(max: 75.73)
ATE_test_f1: 94.06(max:94.06)
Emotion_test_acc: 79.95(max: 79.95) Emotion_test_f1: 38.0(max: 38.0)
********************************************************************************
********************************************************************************
Train 3 Epoch4, Evaluate for atepc_datasets/restaurant
APC_test_acc: 80.03(max: 80.12)  APC_test_f1: 73.95(max: 75.73)
ATE_test_f1: 94.49(max:94.49)
Emotion_test_acc: 80.2(max: 80.2) Emotion_test_f1: 38.73(max: 38.73)
********************************************************************************
********************************************************************************
Train 3 Epoch4, Evaluate for atepc_datasets/restaurant
APC_test_acc: 80.75(max: 80.75)  APC_test_f1: 74.21(max: 75.73)
ATE_test_f1: 94.48(max:94.49)
Emotion_test_acc: 81.05(max: 81.05) Emotion_test_f1: 32.75(max: 38.73)
********************************************************************************
********************************************************************************
Train 3 Epoch4, Evaluate for atepc_datasets/restaurant
APC_test_acc: 78.43(max: 80.75)  APC_test_f1: 71.85(max: 75.73)
ATE_test_f1: 94.62(max:94.62)
Emotion_test_acc: 80.46(max: 81.05) Emotion_test_f1: 44.65(max: 44.65)
********************************************************************************
********************************************************************************
Train 3 Epoch4, Evaluate for atepc_datasets/restaurant
APC_test_acc: 81.64(max: 81.64)  APC_test_f1: 72.33(max: 75.73)
ATE_test_f1: 93.68(max:94.62)
Emotion_test_acc: 84.26(max: 84.26) Emotion_test_f1: 48.25(max: 48.25)
********************************************************************************
********************************************************************************
Train 3 Epoch4, Evaluate for atepc_datasets/restaurant
APC_test_acc: 82.11(max: 82.11)  APC_test_f1: 73.21(max: 75.73)
ATE_test_f1: 94.33(max:94.62)
Emotion_test_acc: 84.01(max: 84.26) Emotion_test_f1: 57.36(max: 57.36)
********************************************************************************
********************************************************************************
Train 3 Epoch4, Evaluate for atepc_datasets/restaurant
APC_test_acc: 81.26(max: 82.11)  APC_test_f1: 74.43(max: 75.73)
ATE_test_f1: 94.7(max:94.7)
Emotion_test_acc: 82.15(max: 84.26) Emotion_test_f1: 48.04(max: 57.36)
********************************************************************************
################################################################################
Train 3 Epoch5
################################################################################
********************************************************************************
Train 3 Epoch5, Evaluate for atepc_datasets/restaurant
APC_test_acc: 79.74(max: 82.11)  APC_test_f1: 72.94(max: 75.73)
ATE_test_f1: 94.45(max:94.7)
Emotion_test_acc: 81.56(max: 84.26) Emotion_test_f1: 46.91(max: 57.36)
********************************************************************************
********************************************************************************
Train 3 Epoch5, Evaluate for atepc_datasets/restaurant
APC_test_acc: 81.6(max: 82.11)  APC_test_f1: 73.6(max: 75.73)
ATE_test_f1: 94.41(max:94.7)
Emotion_test_acc: 82.99(max: 84.26) Emotion_test_f1: 52.34(max: 57.36)
********************************************************************************
********************************************************************************
Train 3 Epoch5, Evaluate for atepc_datasets/restaurant
APC_test_acc: 82.57(max: 82.57)  APC_test_f1: 74.01(max: 75.73)
ATE_test_f1: 94.53(max:94.7)
Emotion_test_acc: 85.7(max: 85.7) Emotion_test_f1: 62.61(max: 62.61)
********************************************************************************
********************************************************************************
Train 3 Epoch5, Evaluate for atepc_datasets/restaurant
APC_test_acc: 82.57(max: 82.57)  APC_test_f1: 74.82(max: 75.73)
ATE_test_f1: 94.11(max:94.7)
Emotion_test_acc: 84.43(max: 85.7) Emotion_test_f1: 54.94(max: 62.61)
********************************************************************************
********************************************************************************
Train 3 Epoch5, Evaluate for atepc_datasets/restaurant
APC_test_acc: 81.43(max: 82.57)  APC_test_f1: 71.81(max: 75.73)
ATE_test_f1: 94.55(max:94.7)
Emotion_test_acc: 83.67(max: 85.7) Emotion_test_f1: 59.12(max: 62.61)
********************************************************************************
********************************************************************************
Train 3 Epoch5, Evaluate for atepc_datasets/restaurant
APC_test_acc: 83.04(max: 83.04)  APC_test_f1: 75.19(max: 75.73)
ATE_test_f1: 94.41(max:94.7)
Emotion_test_acc: 85.45(max: 85.7) Emotion_test_f1: 58.81(max: 62.61)
********************************************************************************
********************************************************************************
Train 3 Epoch5, Evaluate for atepc_datasets/restaurant
APC_test_acc: 83.08(max: 83.08)  APC_test_f1: 74.03(max: 75.73)
ATE_test_f1: 94.47(max:94.7)
Emotion_test_acc: 86.13(max: 86.13) Emotion_test_f1: 58.81(max: 62.61)
********************************************************************************
********************************************************************************
Train 3 Epoch5, Evaluate for atepc_datasets/restaurant
APC_test_acc: 82.53(max: 83.08)  APC_test_f1: 74.22(max: 75.73)
ATE_test_f1: 94.57(max:94.7)
Emotion_test_acc: 85.87(max: 86.13) Emotion_test_f1: 63.67(max: 63.67)
********************************************************************************
********************************************************************************
Train 3 Epoch5, Evaluate for atepc_datasets/restaurant
APC_test_acc: 83.42(max: 83.42)  APC_test_f1: 72.36(max: 75.73)
ATE_test_f1: 94.85(max:94.85)
Emotion_test_acc: 86.38(max: 86.38) Emotion_test_f1: 65.49(max: 65.49)
********************************************************************************
********************************************************************************
Train 3 Epoch5, Evaluate for atepc_datasets/restaurant
APC_test_acc: 83.29(max: 83.42)  APC_test_f1: 75.48(max: 75.73)
ATE_test_f1: 94.8(max:94.85)
Emotion_test_acc: 84.94(max: 86.38) Emotion_test_f1: 58.6(max: 65.49)
********************************************************************************
********************************************************************************
Train 3 Epoch5, Evaluate for atepc_datasets/restaurant
APC_test_acc: 81.56(max: 83.42)  APC_test_f1: 74.31(max: 75.73)
ATE_test_f1: 94.53(max:94.85)
Emotion_test_acc: 83.42(max: 86.38) Emotion_test_f1: 60.58(max: 65.49)
********************************************************************************
max_ate_test_f1:94.9 max_apc_test_acc: 84.14	max_apc_test_f1: 75.73 	max_emotion_test_acc: 86.72	max_emotion_test_f1: 68.64
No.4 training process of 5
>>> dataset: restaurant
>>> output_dir: output
>>> SRD: 5
>>> learning_rate: 3e-05
>>> use_unique_bert: True
>>> use_bert_spc: False
>>> local_context_focus: fusion
>>> num_train_epochs: 5.0
>>> train_batch_size: 16
>>> dropout: 0.0
>>> max_seq_length: 80
>>> eval_batch_size: 32
>>> eval_steps: 20
>>> gradient_accumulation_steps: 1
>>> config_path: experiments.json
>>> device: cpu
>>> seed: 4
>>> bert_model: bert-base-uncased
>>> data_dir: atepc_datasets/restaurant
***** Running training *****
  Num examples = 3545
  Batch size = 16
  Num steps = 1105
################################################################################
Train 4 Epoch1
################################################################################
################################################################################
Train 4 Epoch2
################################################################################
################################################################################
Train 4 Epoch3
################################################################################
################################################################################
Train 4 Epoch4
################################################################################
********************************************************************************
Train 4 Epoch4, Evaluate for atepc_datasets/restaurant
APC_test_acc: 80.46(max: 80.46)  APC_test_f1: 73.26(max: 73.26)
ATE_test_f1: 93.87(max:93.87)
Emotion_test_acc: 81.81(max: 81.81) Emotion_test_f1: 31.75(max: 31.75)
********************************************************************************
********************************************************************************
Train 4 Epoch4, Evaluate for atepc_datasets/restaurant
APC_test_acc: 81.05(max: 81.05)  APC_test_f1: 72.88(max: 73.26)
ATE_test_f1: 93.61(max:93.87)
Emotion_test_acc: 81.64(max: 81.81) Emotion_test_f1: 37.35(max: 37.35)
********************************************************************************
********************************************************************************
Train 4 Epoch4, Evaluate for atepc_datasets/restaurant
APC_test_acc: 81.85(max: 81.85)  APC_test_f1: 74.22(max: 74.22)
ATE_test_f1: 93.92(max:93.92)
Emotion_test_acc: 82.66(max: 82.66) Emotion_test_f1: 36.25(max: 37.35)
********************************************************************************
********************************************************************************
Train 4 Epoch4, Evaluate for atepc_datasets/restaurant
APC_test_acc: 81.6(max: 81.85)  APC_test_f1: 74.05(max: 74.22)
ATE_test_f1: 93.25(max:93.92)
Emotion_test_acc: 81.98(max: 82.66) Emotion_test_f1: 46.13(max: 46.13)
********************************************************************************
********************************************************************************
Train 4 Epoch4, Evaluate for atepc_datasets/restaurant
APC_test_acc: 80.96(max: 81.85)  APC_test_f1: 73.39(max: 74.22)
ATE_test_f1: 92.8(max:93.92)
Emotion_test_acc: 80.8(max: 82.66) Emotion_test_f1: 50.07(max: 50.07)
********************************************************************************
********************************************************************************
Train 4 Epoch4, Evaluate for atepc_datasets/restaurant
APC_test_acc: 81.77(max: 81.85)  APC_test_f1: 72.41(max: 74.22)
ATE_test_f1: 93.73(max:93.92)
Emotion_test_acc: 83.33(max: 83.33) Emotion_test_f1: 57.02(max: 57.02)
********************************************************************************
********************************************************************************
Train 4 Epoch4, Evaluate for atepc_datasets/restaurant
APC_test_acc: 81.85(max: 81.85)  APC_test_f1: 72.3(max: 74.22)
ATE_test_f1: 94.18(max:94.18)
Emotion_test_acc: 83.25(max: 83.33) Emotion_test_f1: 46.81(max: 57.02)
********************************************************************************
********************************************************************************
Train 4 Epoch4, Evaluate for atepc_datasets/restaurant
APC_test_acc: 81.64(max: 81.85)  APC_test_f1: 72.61(max: 74.22)
ATE_test_f1: 93.74(max:94.18)
Emotion_test_acc: 85.19(max: 85.19) Emotion_test_f1: 54.68(max: 57.02)
********************************************************************************
********************************************************************************
Train 4 Epoch4, Evaluate for atepc_datasets/restaurant
APC_test_acc: 84.09(max: 84.09)  APC_test_f1: 74.0(max: 74.22)
ATE_test_f1: 93.76(max:94.18)
Emotion_test_acc: 88.24(max: 88.24) Emotion_test_f1: 68.11(max: 68.11)
********************************************************************************
********************************************************************************
Train 4 Epoch4, Evaluate for atepc_datasets/restaurant
APC_test_acc: 83.97(max: 84.09)  APC_test_f1: 74.76(max: 74.76)
ATE_test_f1: 94.06(max:94.18)
Emotion_test_acc: 86.97(max: 88.24) Emotion_test_f1: 57.17(max: 68.11)
********************************************************************************
********************************************************************************
Train 4 Epoch4, Evaluate for atepc_datasets/restaurant
APC_test_acc: 82.36(max: 84.09)  APC_test_f1: 73.95(max: 74.76)
ATE_test_f1: 94.0(max:94.18)
Emotion_test_acc: 84.77(max: 88.24) Emotion_test_f1: 58.69(max: 68.11)
********************************************************************************
################################################################################
Train 4 Epoch5
################################################################################
********************************************************************************
Train 4 Epoch5, Evaluate for atepc_datasets/restaurant
APC_test_acc: 82.4(max: 84.09)  APC_test_f1: 73.98(max: 74.76)
ATE_test_f1: 93.95(max:94.18)
Emotion_test_acc: 85.62(max: 88.24) Emotion_test_f1: 52.7(max: 68.11)
********************************************************************************
********************************************************************************
Train 4 Epoch5, Evaluate for atepc_datasets/restaurant
APC_test_acc: 84.52(max: 84.52)  APC_test_f1: 74.37(max: 74.76)
ATE_test_f1: 93.75(max:94.18)
Emotion_test_acc: 88.49(max: 88.49) Emotion_test_f1: 68.2(max: 68.2)
********************************************************************************
********************************************************************************
Train 4 Epoch5, Evaluate for atepc_datasets/restaurant
APC_test_acc: 84.9(max: 84.9)  APC_test_f1: 74.04(max: 74.76)
ATE_test_f1: 94.03(max:94.18)
Emotion_test_acc: 89.42(max: 89.42) Emotion_test_f1: 73.71(max: 73.71)
********************************************************************************
********************************************************************************
Train 4 Epoch5, Evaluate for atepc_datasets/restaurant
APC_test_acc: 84.35(max: 84.9)  APC_test_f1: 73.21(max: 74.76)
ATE_test_f1: 93.9(max:94.18)
Emotion_test_acc: 89.42(max: 89.42) Emotion_test_f1: 71.09(max: 73.71)
********************************************************************************
********************************************************************************
Train 4 Epoch5, Evaluate for atepc_datasets/restaurant
APC_test_acc: 83.08(max: 84.9)  APC_test_f1: 74.75(max: 74.76)
ATE_test_f1: 94.61(max:94.61)
Emotion_test_acc: 84.86(max: 89.42) Emotion_test_f1: 54.74(max: 73.71)
********************************************************************************
********************************************************************************
Train 4 Epoch5, Evaluate for atepc_datasets/restaurant
APC_test_acc: 82.28(max: 84.9)  APC_test_f1: 74.49(max: 74.76)
ATE_test_f1: 94.14(max:94.61)
Emotion_test_acc: 84.35(max: 89.42) Emotion_test_f1: 59.94(max: 73.71)
********************************************************************************
********************************************************************************
Train 4 Epoch5, Evaluate for atepc_datasets/restaurant
APC_test_acc: 83.21(max: 84.9)  APC_test_f1: 74.79(max: 74.79)
ATE_test_f1: 94.64(max:94.64)
Emotion_test_acc: 85.79(max: 89.42) Emotion_test_f1: 58.12(max: 73.71)
********************************************************************************
********************************************************************************
Train 4 Epoch5, Evaluate for atepc_datasets/restaurant
APC_test_acc: 84.09(max: 84.9)  APC_test_f1: 73.91(max: 74.79)
ATE_test_f1: 95.02(max:95.02)
Emotion_test_acc: 88.41(max: 89.42) Emotion_test_f1: 70.93(max: 73.71)
********************************************************************************
********************************************************************************
Train 4 Epoch5, Evaluate for atepc_datasets/restaurant
APC_test_acc: 85.7(max: 85.7)  APC_test_f1: 74.34(max: 74.79)
ATE_test_f1: 94.09(max:95.02)
Emotion_test_acc: 89.93(max: 89.93) Emotion_test_f1: 72.47(max: 73.71)
********************************************************************************
********************************************************************************
Train 4 Epoch5, Evaluate for atepc_datasets/restaurant
APC_test_acc: 85.49(max: 85.7)  APC_test_f1: 75.29(max: 75.29)
ATE_test_f1: 94.71(max:95.02)
Emotion_test_acc: 90.61(max: 90.61) Emotion_test_f1: 73.78(max: 73.78)
********************************************************************************
********************************************************************************
Train 4 Epoch5, Evaluate for atepc_datasets/restaurant
APC_test_acc: 84.52(max: 85.7)  APC_test_f1: 72.76(max: 75.29)
ATE_test_f1: 94.74(max:95.02)
Emotion_test_acc: 89.26(max: 90.61) Emotion_test_f1: 65.43(max: 73.78)
********************************************************************************
max_ate_test_f1:95.02 max_apc_test_acc: 85.7	max_apc_test_f1: 75.73 	max_emotion_test_acc: 90.61	max_emotion_test_f1: 73.78
No.5 training process of 5
>>> dataset: restaurant
>>> output_dir: output
>>> SRD: 5
>>> learning_rate: 3e-05
>>> use_unique_bert: True
>>> use_bert_spc: False
>>> local_context_focus: fusion
>>> num_train_epochs: 5.0
>>> train_batch_size: 16
>>> dropout: 0.0
>>> max_seq_length: 80
>>> eval_batch_size: 32
>>> eval_steps: 20
>>> gradient_accumulation_steps: 1
>>> config_path: experiments.json
>>> device: cpu
>>> seed: 5
>>> bert_model: bert-base-uncased
>>> data_dir: atepc_datasets/restaurant
***** Running training *****
  Num examples = 3545
  Batch size = 16
  Num steps = 1105
################################################################################
Train 5 Epoch1
################################################################################
################################################################################
Train 5 Epoch2
################################################################################
################################################################################
Train 5 Epoch3
################################################################################
################################################################################
Train 5 Epoch4
################################################################################
********************************************************************************
Train 5 Epoch4, Evaluate for atepc_datasets/restaurant
APC_test_acc: 81.73(max: 81.73)  APC_test_f1: 76.33(max: 76.33)
ATE_test_f1: 93.22(max:93.22)
Emotion_test_acc: 81.9(max: 81.9) Emotion_test_f1: 33.95(max: 33.95)
********************************************************************************
********************************************************************************
Train 5 Epoch4, Evaluate for atepc_datasets/restaurant
APC_test_acc: 82.7(max: 82.7)  APC_test_f1: 69.32(max: 76.33)
ATE_test_f1: 93.52(max:93.52)
Emotion_test_acc: 86.55(max: 86.55) Emotion_test_f1: 48.37(max: 48.37)
********************************************************************************
********************************************************************************
Train 5 Epoch4, Evaluate for atepc_datasets/restaurant
APC_test_acc: 83.67(max: 83.67)  APC_test_f1: 75.93(max: 76.33)
ATE_test_f1: 93.8(max:93.8)
Emotion_test_acc: 85.53(max: 86.55) Emotion_test_f1: 44.33(max: 48.37)
********************************************************************************
********************************************************************************
Train 5 Epoch4, Evaluate for atepc_datasets/restaurant
APC_test_acc: 82.66(max: 83.67)  APC_test_f1: 75.39(max: 76.33)
ATE_test_f1: 93.48(max:93.8)
Emotion_test_acc: 84.94(max: 86.55) Emotion_test_f1: 43.41(max: 48.37)
********************************************************************************
********************************************************************************
Train 5 Epoch4, Evaluate for atepc_datasets/restaurant
APC_test_acc: 84.48(max: 84.48)  APC_test_f1: 76.31(max: 76.33)
ATE_test_f1: 93.28(max:93.8)
Emotion_test_acc: 87.23(max: 87.23) Emotion_test_f1: 51.43(max: 51.43)
********************************************************************************
********************************************************************************
Train 5 Epoch4, Evaluate for atepc_datasets/restaurant
APC_test_acc: 83.67(max: 84.48)  APC_test_f1: 75.15(max: 76.33)
ATE_test_f1: 93.41(max:93.8)
Emotion_test_acc: 85.62(max: 87.23) Emotion_test_f1: 48.11(max: 51.43)
********************************************************************************
********************************************************************************
Train 5 Epoch4, Evaluate for atepc_datasets/restaurant
APC_test_acc: 83.29(max: 84.48)  APC_test_f1: 75.22(max: 76.33)
ATE_test_f1: 93.64(max:93.8)
Emotion_test_acc: 84.94(max: 87.23) Emotion_test_f1: 47.11(max: 51.43)
********************************************************************************
********************************************************************************
Train 5 Epoch4, Evaluate for atepc_datasets/restaurant
APC_test_acc: 83.54(max: 84.48)  APC_test_f1: 76.05(max: 76.33)
ATE_test_f1: 93.93(max:93.93)
Emotion_test_acc: 85.96(max: 87.23) Emotion_test_f1: 63.16(max: 63.16)
********************************************************************************
********************************************************************************
Train 5 Epoch4, Evaluate for atepc_datasets/restaurant
APC_test_acc: 84.43(max: 84.48)  APC_test_f1: 73.43(max: 76.33)
ATE_test_f1: 93.37(max:93.93)
Emotion_test_acc: 87.99(max: 87.99) Emotion_test_f1: 60.49(max: 63.16)
********************************************************************************
********************************************************************************
Train 5 Epoch4, Evaluate for atepc_datasets/restaurant
APC_test_acc: 84.05(max: 84.48)  APC_test_f1: 73.81(max: 76.33)
ATE_test_f1: 93.98(max:93.98)
Emotion_test_acc: 87.14(max: 87.99) Emotion_test_f1: 58.48(max: 63.16)
********************************************************************************
********************************************************************************
Train 5 Epoch4, Evaluate for atepc_datasets/restaurant
APC_test_acc: 82.83(max: 84.48)  APC_test_f1: 75.71(max: 76.33)
ATE_test_f1: 94.32(max:94.32)
Emotion_test_acc: 83.67(max: 87.99) Emotion_test_f1: 46.55(max: 63.16)
********************************************************************************
################################################################################
Train 5 Epoch5
################################################################################
********************************************************************************
Train 5 Epoch5, Evaluate for atepc_datasets/restaurant
APC_test_acc: 82.99(max: 84.48)  APC_test_f1: 73.19(max: 76.33)
ATE_test_f1: 93.83(max:94.32)
Emotion_test_acc: 87.73(max: 87.99) Emotion_test_f1: 54.0(max: 63.16)
********************************************************************************
********************************************************************************
Train 5 Epoch5, Evaluate for atepc_datasets/restaurant
APC_test_acc: 84.22(max: 84.48)  APC_test_f1: 74.06(max: 76.33)
ATE_test_f1: 94.11(max:94.32)
Emotion_test_acc: 88.07(max: 88.07) Emotion_test_f1: 53.36(max: 63.16)
********************************************************************************
********************************************************************************
Train 5 Epoch5, Evaluate for atepc_datasets/restaurant
APC_test_acc: 84.56(max: 84.56)  APC_test_f1: 76.09(max: 76.33)
ATE_test_f1: 94.11(max:94.32)
Emotion_test_acc: 87.48(max: 88.07) Emotion_test_f1: 55.31(max: 63.16)
********************************************************************************
********************************************************************************
Train 5 Epoch5, Evaluate for atepc_datasets/restaurant
APC_test_acc: 84.9(max: 84.9)  APC_test_f1: 75.97(max: 76.33)
ATE_test_f1: 93.52(max:94.32)
Emotion_test_acc: 88.49(max: 88.49) Emotion_test_f1: 57.73(max: 63.16)
********************************************************************************
********************************************************************************
Train 5 Epoch5, Evaluate for atepc_datasets/restaurant
APC_test_acc: 83.88(max: 84.9)  APC_test_f1: 71.67(max: 76.33)
ATE_test_f1: 93.52(max:94.32)
Emotion_test_acc: 87.39(max: 88.49) Emotion_test_f1: 64.96(max: 64.96)
********************************************************************************
********************************************************************************
Train 5 Epoch5, Evaluate for atepc_datasets/restaurant
APC_test_acc: 84.86(max: 84.9)  APC_test_f1: 76.49(max: 76.49)
ATE_test_f1: 93.96(max:94.32)
Emotion_test_acc: 87.14(max: 88.49) Emotion_test_f1: 62.09(max: 64.96)
********************************************************************************
********************************************************************************
Train 5 Epoch5, Evaluate for atepc_datasets/restaurant
APC_test_acc: 85.45(max: 85.45)  APC_test_f1: 77.19(max: 77.19)
ATE_test_f1: 94.45(max:94.45)
Emotion_test_acc: 88.32(max: 88.49) Emotion_test_f1: 63.92(max: 64.96)
********************************************************************************
********************************************************************************
Train 5 Epoch5, Evaluate for atepc_datasets/restaurant
APC_test_acc: 83.97(max: 85.45)  APC_test_f1: 74.91(max: 77.19)
ATE_test_f1: 94.59(max:94.59)
Emotion_test_acc: 89.34(max: 89.34) Emotion_test_f1: 68.92(max: 68.92)
********************************************************************************
********************************************************************************
Train 5 Epoch5, Evaluate for atepc_datasets/restaurant
APC_test_acc: 86.34(max: 86.34)  APC_test_f1: 73.89(max: 77.19)
ATE_test_f1: 94.31(max:94.59)
Emotion_test_acc: 90.86(max: 90.86) Emotion_test_f1: 70.52(max: 70.52)
********************************************************************************
********************************************************************************
Train 5 Epoch5, Evaluate for atepc_datasets/restaurant
APC_test_acc: 86.0(max: 86.34)  APC_test_f1: 76.26(max: 77.19)
ATE_test_f1: 94.78(max:94.78)
Emotion_test_acc: 90.1(max: 90.86) Emotion_test_f1: 71.29(max: 71.29)
********************************************************************************
********************************************************************************
Train 5 Epoch5, Evaluate for atepc_datasets/restaurant
APC_test_acc: 84.09(max: 86.34)  APC_test_f1: 75.63(max: 77.19)
ATE_test_f1: 94.9(max:94.9)
Emotion_test_acc: 86.97(max: 90.86) Emotion_test_f1: 61.08(max: 71.29)
********************************************************************************
max_ate_test_f1:95.02 max_apc_test_acc: 86.34	max_apc_test_f1: 77.19 	max_emotion_test_acc: 90.86	max_emotion_test_f1: 73.78
